# JRE version: OpenJDK Runtime Environment (11.0.12+7) (build 11.0.12+7-b1504.28-7817840)
# Java VM: OpenJDK 64-Bit Server VM (11.0.12+7-b1504.28-7817840, mixed mode, tiered, compressed oops, g1 gc, windows-amd64)
Heap:
 garbage-first heap   total 236544K, used 169126K [0x0000000080000000, 0x0000000100000000)
  region size 1024K, 71 young (72704K), 9 survivors (9216K)
 Metaspace       used 104713K, capacity 107090K, committed 107340K, reserved 1142784K
  class space    used 13107K, capacity 13918K, committed 13952K, reserved 1048576K
GC Heap History (20 events):
Event: 37.456 GC heap after
{Heap after GC invocations=26 (full 0):
 garbage-first heap   total 196608K, used 116419K [0x0000000080000000, 0x0000000100000000)
  region size 1024K, 3 young (3072K), 3 survivors (3072K)
 Metaspace       used 89654K, capacity 91820K, committed 91980K, reserved 1128448K
  class space    used 11560K, capacity 12334K, committed 12416K, reserved 1048576K
}
Event: 38.150 GC heap before
{Heap before GC invocations=27 (full 0):
 garbage-first heap   total 196608K, used 154307K [0x0000000080000000, 0x0000000100000000)
  region size 1024K, 26 young (26624K), 3 survivors (3072K)
 Metaspace       used 90171K, capacity 92382K, committed 92492K, reserved 1130496K
  class space    used 11591K, capacity 12380K, committed 12416K, reserved 1048576K
}
Event: 38.160 GC heap after
{Heap after GC invocations=28 (full 0):
 garbage-first heap   total 196608K, used 120252K [0x0000000080000000, 0x0000000100000000)
  region size 1024K, 4 young (4096K), 4 survivors (4096K)
 Metaspace       used 90171K, capacity 92382K, committed 92492K, reserved 1130496K
  class space    used 11591K, capacity 12380K, committed 12416K, reserved 1048576K
}
Event: 38.759 GC heap before
{Heap before GC invocations=28 (full 0):
 garbage-first heap   total 196608K, used 142780K [0x0000000080000000, 0x0000000100000000)
  region size 1024K, 27 young (27648K), 4 survivors (4096K)
 Metaspace       used 93390K, capacity 95613K, committed 95820K, reserved 1132544K
  class space    used 11868K, capacity 12637K, committed 12672K, reserved 1048576K
}
Event: 38.778 GC heap after
{Heap after GC invocations=29 (full 0):
 garbage-first heap   total 196608K, used 122979K [0x0000000080000000, 0x0000000100000000)
  region size 1024K, 3 young (3072K), 3 survivors (3072K)
 Metaspace       used 93390K, capacity 95613K, committed 95820K, reserved 1132544K
  class space    used 11868K, capacity 12637K, committed 12672K, reserved 1048576K
}
Event: 39.461 GC heap before
{Heap before GC invocations=30 (full 0):
 garbage-first heap   total 196608K, used 130147K [0x0000000080000000, 0x0000000100000000)
  region size 1024K, 27 young (27648K), 3 survivors (3072K)
 Metaspace       used 94175K, capacity 96454K, committed 96716K, reserved 1132544K
  class space    used 11914K, capacity 12702K, committed 12800K, reserved 1048576K
}
Event: 39.473 GC heap after
{Heap after GC invocations=31 (full 0):
 garbage-first heap   total 196608K, used 110592K [0x0000000080000000, 0x0000000100000000)
  region size 1024K, 4 young (4096K), 4 survivors (4096K)
 Metaspace       used 94175K, capacity 96454K, committed 96716K, reserved 1132544K
  class space    used 11914K, capacity 12702K, committed 12800K, reserved 1048576K
}
Event: 39.512 GC heap before
{Heap before GC invocations=31 (full 0):
 garbage-first heap   total 196608K, used 114688K [0x0000000080000000, 0x0000000100000000)
  region size 1024K, 9 young (9216K), 4 survivors (4096K)
 Metaspace       used 94347K, capacity 96646K, committed 96972K, reserved 1134592K
  class space    used 11934K, capacity 12702K, committed 12800K, reserved 1048576K
}
Event: 39.522 GC heap after
{Heap after GC invocations=32 (full 0):
 garbage-first heap   total 196608K, used 99337K [0x0000000080000000, 0x0000000100000000)
  region size 1024K, 2 young (2048K), 2 survivors (2048K)
 Metaspace       used 94347K, capacity 96646K, committed 96972K, reserved 1134592K
  class space    used 11934K, capacity 12702K, committed 12800K, reserved 1048576K
}
Event: 40.173 GC heap before
{Heap before GC invocations=32 (full 0):
 garbage-first heap   total 196608K, used 134153K [0x0000000080000000, 0x0000000100000000)
  region size 1024K, 36 young (36864K), 2 survivors (2048K)
 Metaspace       used 95342K, capacity 97550K, committed 97868K, reserved 1134592K
  class space    used 12033K, capacity 12811K, committed 12928K, reserved 1048576K
}
Event: 40.193 GC heap after
{Heap after GC invocations=33 (full 0):
 garbage-first heap   total 196608K, used 102126K [0x0000000080000000, 0x0000000100000000)
  region size 1024K, 5 young (5120K), 5 survivors (5120K)
 Metaspace       used 95342K, capacity 97550K, committed 97868K, reserved 1134592K
  class space    used 12033K, capacity 12811K, committed 12928K, reserved 1048576K
}
Event: 40.830 GC heap before
{Heap before GC invocations=34 (full 0):
 garbage-first heap   total 196608K, used 136942K [0x0000000080000000, 0x0000000100000000)
  region size 1024K, 41 young (41984K), 5 survivors (5120K)
 Metaspace       used 97501K, capacity 99694K, committed 99916K, reserved 1136640K
  class space    used 12312K, capacity 13099K, committed 13184K, reserved 1048576K
}
Event: 40.842 GC heap after
{Heap after GC invocations=35 (full 0):
 garbage-first heap   total 196608K, used 101761K [0x0000000080000000, 0x0000000100000000)
  region size 1024K, 1 young (1024K), 1 survivors (1024K)
 Metaspace       used 97501K, capacity 99694K, committed 99916K, reserved 1136640K
  class space    used 12312K, capacity 13099K, committed 13184K, reserved 1048576K
}
Event: 40.989 GC heap before
{Heap before GC invocations=35 (full 0):
 garbage-first heap   total 196608K, used 109953K [0x0000000080000000, 0x0000000100000000)
  region size 1024K, 9 young (9216K), 1 survivors (1024K)
 Metaspace       used 98020K, capacity 100270K, committed 100428K, reserved 1136640K
  class space    used 12379K, capacity 13163K, committed 13184K, reserved 1048576K
}
Event: 40.994 GC heap after
{Heap after GC invocations=36 (full 0):
 garbage-first heap   total 236544K, used 99173K [0x0000000080000000, 0x0000000100000000)
  region size 1024K, 1 young (1024K), 1 survivors (1024K)
 Metaspace       used 98020K, capacity 100270K, committed 100428K, reserved 1136640K
  class space    used 12379K, capacity 13163K, committed 13184K, reserved 1048576K
}
Event: 42.229 GC heap before
{Heap before GC invocations=36 (full 0):
 garbage-first heap   total 236544K, used 154469K [0x0000000080000000, 0x0000000100000000)
  region size 1024K, 56 young (57344K), 1 survivors (1024K)
 Metaspace       used 100053K, capacity 102341K, committed 102476K, reserved 1138688K
  class space    used 12560K, capacity 13369K, committed 13440K, reserved 1048576K
}
Event: 42.238 GC heap after
{Heap after GC invocations=37 (full 0):
 garbage-first heap   total 236544K, used 102294K [0x0000000080000000, 0x0000000100000000)
  region size 1024K, 4 young (4096K), 4 survivors (4096K)
 Metaspace       used 100053K, capacity 102341K, committed 102476K, reserved 1138688K
  class space    used 12560K, capacity 13369K, committed 13440K, reserved 1048576K
}
Event: 45.179 GC heap before
{Heap before GC invocations=37 (full 0):
 garbage-first heap   total 236544K, used 160662K [0x0000000080000000, 0x0000000100000000)
  region size 1024K, 62 young (63488K), 4 survivors (4096K)
 Metaspace       used 100821K, capacity 103159K, committed 103244K, reserved 1138688K
  class space    used 12609K, capacity 13402K, committed 13440K, reserved 1048576K
}
Event: 45.189 GC heap after
{Heap after GC invocations=38 (full 0):
 garbage-first heap   total 236544K, used 103590K [0x0000000080000000, 0x0000000100000000)
  region size 1024K, 5 young (5120K), 5 survivors (5120K)
 Metaspace       used 100821K, capacity 103159K, committed 103244K, reserved 1138688K
  class space    used 12609K, capacity 13402K, committed 13440K, reserved 1048576K
}
Event: 47.146 GC heap before
{Heap before GC invocations=38 (full 0):
 garbage-first heap   total 236544K, used 168102K [0x0000000080000000, 0x0000000100000000)
  region size 1024K, 67 young (68608K), 5 survivors (5120K)
 Metaspace       used 104713K, capacity 107090K, committed 107340K, reserved 1142784K
  class space    used 13107K, capacity 13918K, committed 13952K, reserved 1048576K
}

